07/31/2024 07:15:20 PM: INFO: Config file parsed
07/31/2024 07:16:11 PM: INFO: Config file parsed
07/31/2024 07:16:35 PM: INFO: Config file parsed
07/31/2024 07:16:48 PM: INFO: Config file parsed
07/31/2024 07:17:22 PM: INFO: Config file parsed
07/31/2024 07:17:46 PM: INFO: Config file parsed
07/31/2024 07:19:48 PM: INFO: Incoming connection (10.10.11.26,55235)
07/31/2024 07:19:48 PM: INFO: AUTHENTICATE_MESSAGE (COMPILED\Richard,COMPILED)
07/31/2024 07:19:48 PM: INFO: User COMPILED\Richard authenticated successfully
07/31/2024 07:19:48 PM: INFO: Richard::COMPILED:aaaaaaaaaaaaaaaa:cd46022c8046475900b3881ad68dc104:010100000000000000e2ca9b7ee3da0102981ad595e9a7120000000001001000570066004500690065004300590050000300100057006600450069006500430059005000020010004e004200440068006100580069004c00040010004e004200440068006100580069004c000700080000e2ca9b7ee3da01060004000200000008003000300000000000000000000000002000005663dea854278760b9b93f46c03f474f10eff000ab7415a96d9d5f588212ce360a001000000000000000000000000000000000000900200063006900660073002f00310030002e00310030002e00310034002e00340036000000000000000000
07/31/2024 07:19:48 PM: INFO: Connecting Share(1:IPC$)
07/31/2024 07:19:48 PM: ERROR: SMB2_TREE_CONNECT not found share_folder
07/31/2024 07:19:48 PM: ERROR: SMB2_TREE_CONNECT not found share_folder
07/31/2024 07:19:48 PM: ERROR: SMB2_TREE_CONNECT not found share_folder
07/31/2024 07:19:48 PM: ERROR: SMB2_TREE_CONNECT not found share_folder
07/31/2024 07:19:48 PM: ERROR: SMB2_TREE_CONNECT not found share_folder
07/31/2024 07:19:48 PM: ERROR: SMB2_TREE_CONNECT not found share_folder
07/31/2024 07:19:48 PM: ERROR: SMB2_TREE_CONNECT not found share_folder
07/31/2024 07:19:48 PM: ERROR: SMB2_TREE_CONNECT not found share_folder
07/31/2024 07:19:49 PM: ERROR: SMB2_TREE_CONNECT not found share_folder
07/31/2024 07:19:49 PM: ERROR: SMB2_TREE_CONNECT not found share_folder
07/31/2024 07:19:49 PM: ERROR: SMB2_TREE_CONNECT not found share_folder
07/31/2024 07:19:49 PM: ERROR: SMB2_TREE_CONNECT not found share_folder
07/31/2024 07:19:49 PM: ERROR: SMB2_TREE_CONNECT not found share_folder
07/31/2024 07:19:49 PM: ERROR: SMB2_TREE_CONNECT not found share_folder
07/31/2024 07:19:49 PM: ERROR: SMB2_TREE_CONNECT not found share_folder
07/31/2024 07:19:49 PM: ERROR: SMB2_TREE_CONNECT not found share_folder
07/31/2024 07:20:04 PM: INFO: Disconnecting Share(1:IPC$)
07/31/2024 07:20:04 PM: INFO: Closing down connection (10.10.11.26,55235)
07/31/2024 07:20:04 PM: INFO: Remaining connections []
07/31/2024 07:20:52 PM: INFO: Incoming connection (10.10.11.26,55236)
07/31/2024 07:20:52 PM: INFO: AUTHENTICATE_MESSAGE (COMPILED\Richard,COMPILED)
07/31/2024 07:20:52 PM: INFO: User COMPILED\Richard authenticated successfully
07/31/2024 07:20:52 PM: INFO: Richard::COMPILED:aaaaaaaaaaaaaaaa:c202438eba229575a5c0caa49ac9cd32:01010000000000000082f0c17ee3da0119a3c698e4cf69c20000000001001000570066004500690065004300590050000300100057006600450069006500430059005000020010004e004200440068006100580069004c00040010004e004200440068006100580069004c00070008000082f0c17ee3da01060004000200000008003000300000000000000000000000002000005663dea854278760b9b93f46c03f474f10eff000ab7415a96d9d5f588212ce360a001000000000000000000000000000000000000900200063006900660073002f00310030002e00310030002e00310034002e00340036000000000000000000
07/31/2024 07:20:52 PM: INFO: Connecting Share(1:IPC$)
07/31/2024 07:20:52 PM: INFO: Connecting Share(2:share)
07/31/2024 07:21:03 PM: INFO: Disconnecting Share(1:IPC$)
07/31/2024 07:21:08 PM: INFO: Disconnecting Share(2:share)
07/31/2024 07:21:08 PM: INFO: Closing down connection (10.10.11.26,55236)
07/31/2024 07:21:08 PM: INFO: Remaining connections []
07/31/2024 07:21:55 PM: INFO: Config file parsed
07/31/2024 07:22:16 PM: INFO: Incoming connection (10.10.11.26,55237)
07/31/2024 07:22:16 PM: INFO: AUTHENTICATE_MESSAGE (COMPILED\Richard,COMPILED)
07/31/2024 07:22:16 PM: INFO: User COMPILED\Richard authenticated successfully
07/31/2024 07:22:16 PM: INFO: Richard::COMPILED:aaaaaaaaaaaaaaaa:503948e780d0858e5e2a918ad23cb174:010100000000000000e401f47ee3da017e018fc454bd91610000000001001000670046004800710066007300580053000300100067004600480071006600730058005300020010006e0055004c0051004a0044006d004100040010006e0055004c0051004a0044006d0041000700080000e401f47ee3da01060004000200000008003000300000000000000000000000002000005663dea854278760b9b93f46c03f474f10eff000ab7415a96d9d5f588212ce360a001000000000000000000000000000000000000900200063006900660073002f00310030002e00310030002e00310034002e00340036000000000000000000
07/31/2024 07:22:16 PM: INFO: Connecting Share(1:share)
07/31/2024 07:28:29 PM: INFO: Handle: The NETBIOS connection with the remote host timed out.
07/31/2024 07:28:29 PM: INFO: Closing down connection (10.10.11.26,55237)
07/31/2024 07:28:29 PM: INFO: Remaining connections []
